c:\users\konakona\source\repos\blackjack\x64\release\blackjack.ipdb
c:\users\konakona\source\repos\blackjack\x64\release\blackjack.iobj
c:\users\konakona\source\repos\blackjack\blackjack\x64\release\blackjack.pch
c:\users\konakona\source\repos\blackjack\blackjack\x64\release\vc141.pdb
c:\users\konakona\source\repos\blackjack\blackjack\x64\release\stdafx.obj
c:\users\konakona\source\repos\blackjack\blackjack\x64\release\player.obj
c:\users\konakona\source\repos\blackjack\blackjack\x64\release\interface.obj
c:\users\konakona\source\repos\blackjack\blackjack\x64\release\humanplayer.obj
c:\users\konakona\source\repos\blackjack\blackjack\x64\release\game.obj
c:\users\konakona\source\repos\blackjack\blackjack\x64\release\deck.obj
c:\users\konakona\source\repos\blackjack\blackjack\x64\release\cpuplayer.obj
c:\users\konakona\source\repos\blackjack\blackjack\x64\release\card.obj
c:\users\konakona\source\repos\blackjack\blackjack\x64\release\blackjack.obj
c:\users\konakona\source\repos\blackjack\x64\release\blackjack.exe
c:\users\konakona\source\repos\blackjack\x64\release\blackjack.pdb
c:\users\konakona\source\repos\blackjack\blackjack\x64\release\blackjack.tlog\blackjack.write.1u.tlog
c:\users\konakona\source\repos\blackjack\blackjack\x64\release\blackjack.tlog\cl.command.1.tlog
c:\users\konakona\source\repos\blackjack\blackjack\x64\release\blackjack.tlog\cl.read.1.tlog
c:\users\konakona\source\repos\blackjack\blackjack\x64\release\blackjack.tlog\cl.write.1.tlog
c:\users\konakona\source\repos\blackjack\blackjack\x64\release\blackjack.tlog\link.command.1.tlog
c:\users\konakona\source\repos\blackjack\blackjack\x64\release\blackjack.tlog\link.read.1.tlog
c:\users\konakona\source\repos\blackjack\blackjack\x64\release\blackjack.tlog\link.write.1.tlog
