c:\users\konakona\source\repos\blackjack\blackjack\debug\blackjack.pch
c:\users\konakona\source\repos\blackjack\blackjack\debug\vc141.pdb
c:\users\konakona\source\repos\blackjack\blackjack\debug\vc141.idb
c:\users\konakona\source\repos\blackjack\blackjack\debug\stdafx.obj
c:\users\konakona\source\repos\blackjack\blackjack\debug\player.obj
c:\users\konakona\source\repos\blackjack\blackjack\debug\humanplayer.obj
c:\users\konakona\source\repos\blackjack\blackjack\debug\game.obj
c:\users\konakona\source\repos\blackjack\blackjack\debug\deck.obj
c:\users\konakona\source\repos\blackjack\blackjack\debug\cpuplayer.obj
c:\users\konakona\source\repos\blackjack\blackjack\debug\card.obj
c:\users\konakona\source\repos\blackjack\blackjack\debug\blackjack.obj
c:\users\konakona\source\repos\blackjack\debug\blackjack.exe
c:\users\konakona\source\repos\blackjack\debug\blackjack.ilk
c:\users\konakona\source\repos\blackjack\debug\blackjack.pdb
c:\users\konakona\source\repos\blackjack\blackjack\debug\blackjack.tlog\cl.command.1.tlog
c:\users\konakona\source\repos\blackjack\blackjack\debug\blackjack.tlog\cl.read.1.tlog
c:\users\konakona\source\repos\blackjack\blackjack\debug\blackjack.tlog\cl.write.1.tlog
c:\users\konakona\source\repos\blackjack\blackjack\debug\blackjack.tlog\link.command.1.tlog
c:\users\konakona\source\repos\blackjack\blackjack\debug\blackjack.tlog\link.read.1.tlog
c:\users\konakona\source\repos\blackjack\blackjack\debug\blackjack.tlog\link.write.1.tlog
